Started GET "/" for ::1 at 2021-12-22 10:15:56 +0900
Processing by Rails::WelcomeController#index as HTML
  Rendering /Users/dk/.rbenv/versions/3.0.3/lib/ruby/gems/3.0.0/gems/railties-6.1.4.4/lib/rails/templates/rails/welcome/index.html.erb
  Rendered /Users/dk/.rbenv/versions/3.0.3/lib/ruby/gems/3.0.0/gems/railties-6.1.4.4/lib/rails/templates/rails/welcome/index.html.erb (Duration: 3.8ms | Allocations: 531)
Completed 200 OK in 10ms (Views: 5.4ms | ActiveRecord: 0.0ms | Allocations: 3904)


  [1m[35m (23.6ms)[0m  [1m[35mCREATE TABLE "schema_migrations" ("version" character varying NOT NULL PRIMARY KEY)[0m
  [1m[35m (7.1ms)[0m  [1m[35mCREATE TABLE "ar_internal_metadata" ("key" character varying NOT NULL PRIMARY KEY, "value" character varying, "created_at" timestamp(6) NOT NULL, "updated_at" timestamp(6) NOT NULL)[0m
  [1m[35m (0.5ms)[0m  [1m[34mSELECT pg_try_advisory_lock(3867476213282235750)[0m
  [1m[35m (1.3ms)[0m  [1m[34mSELECT "schema_migrations"."version" FROM "schema_migrations" ORDER BY "schema_migrations"."version" ASC[0m
Migrating to CreateCoodinates (20211222071440)
  [1m[36mTRANSACTION (0.1ms)[0m  [1m[35mBEGIN[0m
  [1m[35m (7.2ms)[0m  [1m[35mCREATE TABLE "coordinates" ("id" bigserial primary key, "latitude" float NOT NULL, "longitude" float NOT NULL, "created_at" timestamp(6) NOT NULL, "updated_at" timestamp(6) NOT NULL)[0m
  [1m[36mActiveRecord::SchemaMigration Create (0.8ms)[0m  [1m[32mINSERT INTO "schema_migrations" ("version") VALUES ($1) RETURNING "version"[0m  [["version", "20211222071440"]]
  [1m[36mTRANSACTION (0.3ms)[0m  [1m[35mCOMMIT[0m
Migrating to CreateSongs (20211222072155)
  [1m[35m (0.2ms)[0m  [1m[34mSELECT pg_advisory_unlock(3867476213282235750)[0m
  [1m[35m (0.1ms)[0m  [1m[34mSELECT pg_try_advisory_lock(3867476213282235750)[0m
  [1m[35m (1.1ms)[0m  [1m[34mSELECT "schema_migrations"."version" FROM "schema_migrations" ORDER BY "schema_migrations"."version" ASC[0m
Migrating to CreateSongs (20211222072155)
  [1m[36mTRANSACTION (0.1ms)[0m  [1m[35mBEGIN[0m
  [1m[35m (6.5ms)[0m  [1m[35mCREATE TABLE "songs" ("id" bigserial primary key, "platform" integer NOT NULL, "url" character varying(1024) NOT NULL, "created_at" timestamp(6) NOT NULL, "updated_at" timestamp(6) NOT NULL)[0m
  [1m[36mActiveRecord::SchemaMigration Create (0.4ms)[0m  [1m[32mINSERT INTO "schema_migrations" ("version") VALUES ($1) RETURNING "version"[0m  [["version", "20211222072155"]]
  [1m[36mTRANSACTION (8.4ms)[0m  [1m[35mCOMMIT[0m
Migrating to CreateCoordinateSongs (20211222072856)
  [1m[36mTRANSACTION (0.3ms)[0m  [1m[35mBEGIN[0m
  [1m[35m (12.6ms)[0m  [1m[35mCREATE TABLE "coordinate_songs" ("id" bigserial primary key, "coordinate_id" bigint, "song_id" bigint, "created_at" timestamp(6) NOT NULL, "updated_at" timestamp(6) NOT NULL, CONSTRAINT "fk_rails_de06aadc39"
FOREIGN KEY ("coordinate_id")
  REFERENCES "coordinates" ("id")
, CONSTRAINT "fk_rails_876bc78cf0"
FOREIGN KEY ("song_id")
  REFERENCES "songs" ("id")
)[0m
  [1m[35m (1.8ms)[0m  [1m[35mCREATE INDEX "index_coordinate_songs_on_coordinate_id" ON "coordinate_songs" ("coordinate_id")[0m
  [1m[35m (1.0ms)[0m  [1m[35mCREATE INDEX "index_coordinate_songs_on_song_id" ON "coordinate_songs" ("song_id")[0m
  [1m[36mActiveRecord::SchemaMigration Create (0.3ms)[0m  [1m[32mINSERT INTO "schema_migrations" ("version") VALUES ($1) RETURNING "version"[0m  [["version", "20211222072856"]]
  [1m[36mTRANSACTION (0.5ms)[0m  [1m[35mCOMMIT[0m
  [1m[36mActiveRecord::InternalMetadata Load (0.6ms)[0m  [1m[34mSELECT "ar_internal_metadata".* FROM "ar_internal_metadata" WHERE "ar_internal_metadata"."key" = $1 LIMIT $2[0m  [["key", "environment"], ["LIMIT", 1]]
  [1m[36mTRANSACTION (0.2ms)[0m  [1m[35mBEGIN[0m
  [1m[36mActiveRecord::InternalMetadata Create (1.6ms)[0m  [1m[32mINSERT INTO "ar_internal_metadata" ("key", "value", "created_at", "updated_at") VALUES ($1, $2, $3, $4) RETURNING "key"[0m  [["key", "environment"], ["value", "development"], ["created_at", "2021-12-22 07:31:05.101090"], ["updated_at", "2021-12-22 07:31:05.101090"]]
  [1m[36mTRANSACTION (0.3ms)[0m  [1m[35mCOMMIT[0m
  [1m[35m (0.4ms)[0m  [1m[34mSELECT pg_advisory_unlock(3867476213282235750)[0m
  [1m[35m (0.5ms)[0m  [1m[34mSELECT "schema_migrations"."version" FROM "schema_migrations" ORDER BY "schema_migrations"."version" ASC[0m
  [1m[36mSong Load (0.5ms)[0m  [1m[34mSELECT "songs".* FROM "songs" ORDER BY "songs"."id" DESC LIMIT $1[0m  [["LIMIT", 1]]
  [1m[36mSong Load (0.5ms)[0m  [1m[34mSELECT "songs".* FROM "songs"[0m
  [1m[35m (0.5ms)[0m  [1m[34mSELECT "schema_migrations"."version" FROM "schema_migrations" ORDER BY "schema_migrations"."version" ASC[0m
  [1m[35m (1.1ms)[0m  [1m[34mSELECT "schema_migrations"."version" FROM "schema_migrations" ORDER BY "schema_migrations"."version" ASC[0m
  [1m[35m (0.2ms)[0m  [1m[34mSELECT "schema_migrations"."version" FROM "schema_migrations" ORDER BY "schema_migrations"."version" ASC[0m
  [1m[35m (0.2ms)[0m  [1m[34mSELECT "schema_migrations"."version" FROM "schema_migrations" ORDER BY "schema_migrations"."version" ASC[0m
  [1m[35m (0.3ms)[0m  [1m[34mSELECT pg_try_advisory_lock(3867476213282235750)[0m
  [1m[35m (0.9ms)[0m  [1m[34mSELECT "schema_migrations"."version" FROM "schema_migrations" ORDER BY "schema_migrations"."version" ASC[0m
Migrating to CreateCoordinateSongs (20211222072856)
  [1m[36mTRANSACTION (0.1ms)[0m  [1m[35mBEGIN[0m
  [1m[35m (8.2ms)[0m  [1m[35mDROP TABLE "coordinate_songs"[0m
  [1m[36mActiveRecord::SchemaMigration Destroy (0.4ms)[0m  [1m[31mDELETE FROM "schema_migrations" WHERE "schema_migrations"."version" = $1[0m  [["version", "20211222072856"]]
  [1m[36mTRANSACTION (6.2ms)[0m  [1m[35mCOMMIT[0m
  [1m[35m (0.2ms)[0m  [1m[34mSELECT pg_advisory_unlock(3867476213282235750)[0m
  [1m[35m (0.7ms)[0m  [1m[34mSELECT "schema_migrations"."version" FROM "schema_migrations" ORDER BY "schema_migrations"."version" ASC[0m
  [1m[35m (0.2ms)[0m  [1m[34mSELECT "schema_migrations"."version" FROM "schema_migrations" ORDER BY "schema_migrations"."version" ASC[0m
  [1m[35m (1.0ms)[0m  [1m[34mSELECT "schema_migrations"."version" FROM "schema_migrations" ORDER BY "schema_migrations"."version" ASC[0m
  [1m[35m (0.2ms)[0m  [1m[34mSELECT "schema_migrations"."version" FROM "schema_migrations" ORDER BY "schema_migrations"."version" ASC[0m
  [1m[35m (0.2ms)[0m  [1m[34mSELECT "schema_migrations"."version" FROM "schema_migrations" ORDER BY "schema_migrations"."version" ASC[0m
  [1m[35m (0.2ms)[0m  [1m[34mSELECT pg_try_advisory_lock(3867476213282235750)[0m
  [1m[35m (0.3ms)[0m  [1m[34mSELECT "schema_migrations"."version" FROM "schema_migrations" ORDER BY "schema_migrations"."version" ASC[0m
Migrating to CreateSongs (20211222072155)
  [1m[36mTRANSACTION (0.1ms)[0m  [1m[35mBEGIN[0m
  [1m[35m (2.0ms)[0m  [1m[35mDROP TABLE "songs"[0m
  [1m[36mActiveRecord::SchemaMigration Destroy (0.4ms)[0m  [1m[31mDELETE FROM "schema_migrations" WHERE "schema_migrations"."version" = $1[0m  [["version", "20211222072155"]]
  [1m[36mTRANSACTION (1.4ms)[0m  [1m[35mCOMMIT[0m
  [1m[35m (0.2ms)[0m  [1m[34mSELECT pg_advisory_unlock(3867476213282235750)[0m
  [1m[35m (0.5ms)[0m  [1m[34mSELECT "schema_migrations"."version" FROM "schema_migrations" ORDER BY "schema_migrations"."version" ASC[0m
  [1m[35m (0.3ms)[0m  [1m[34mSELECT "schema_migrations"."version" FROM "schema_migrations" ORDER BY "schema_migrations"."version" ASC[0m
  [1m[35m (1.0ms)[0m  [1m[34mSELECT "schema_migrations"."version" FROM "schema_migrations" ORDER BY "schema_migrations"."version" ASC[0m
  [1m[35m (0.3ms)[0m  [1m[34mSELECT "schema_migrations"."version" FROM "schema_migrations" ORDER BY "schema_migrations"."version" ASC[0m
  [1m[35m (0.2ms)[0m  [1m[34mSELECT "schema_migrations"."version" FROM "schema_migrations" ORDER BY "schema_migrations"."version" ASC[0m
  [1m[35m (0.2ms)[0m  [1m[34mSELECT pg_try_advisory_lock(3867476213282235750)[0m
  [1m[35m (0.3ms)[0m  [1m[34mSELECT "schema_migrations"."version" FROM "schema_migrations" ORDER BY "schema_migrations"."version" ASC[0m
Migrating to CreateCoodinates (20211222071440)
  [1m[36mTRANSACTION (0.1ms)[0m  [1m[35mBEGIN[0m
  [1m[35m (1.9ms)[0m  [1m[35mDROP TABLE "coordinates"[0m
  [1m[36mActiveRecord::SchemaMigration Destroy (0.5ms)[0m  [1m[31mDELETE FROM "schema_migrations" WHERE "schema_migrations"."version" = $1[0m  [["version", "20211222071440"]]
  [1m[36mTRANSACTION (2.9ms)[0m  [1m[35mCOMMIT[0m
  [1m[35m (0.3ms)[0m  [1m[34mSELECT pg_advisory_unlock(3867476213282235750)[0m
  [1m[35m (0.5ms)[0m  [1m[34mSELECT "schema_migrations"."version" FROM "schema_migrations" ORDER BY "schema_migrations"."version" ASC[0m
  [1m[35m (0.2ms)[0m  [1m[34mSELECT "schema_migrations"."version" FROM "schema_migrations" ORDER BY "schema_migrations"."version" ASC[0m
  [1m[35m (0.2ms)[0m  [1m[34mSELECT pg_try_advisory_lock(3867476213282235750)[0m
  [1m[35m (1.2ms)[0m  [1m[34mSELECT "schema_migrations"."version" FROM "schema_migrations" ORDER BY "schema_migrations"."version" ASC[0m
Migrating to CreateCoodinates (20211222071440)
  [1m[36mTRANSACTION (0.2ms)[0m  [1m[35mBEGIN[0m
  [1m[35m (5.9ms)[0m  [1m[35mCREATE TABLE "coordinates" ("id" bigserial primary key, "latitude" float NOT NULL, "longitude" float NOT NULL, "created_at" timestamp(6) NOT NULL, "updated_at" timestamp(6) NOT NULL)[0m
  [1m[36mActiveRecord::SchemaMigration Create (0.3ms)[0m  [1m[32mINSERT INTO "schema_migrations" ("version") VALUES ($1) RETURNING "version"[0m  [["version", "20211222071440"]]
  [1m[36mTRANSACTION (0.6ms)[0m  [1m[35mCOMMIT[0m
Migrating to CreateSongs (20211222072155)
  [1m[36mTRANSACTION (0.3ms)[0m  [1m[35mBEGIN[0m
  [1m[35m (6.1ms)[0m  [1m[35mCREATE TABLE "songs" ("id" bigserial primary key, "platform" integer NOT NULL, "url" character varying(1024) NOT NULL, "created_at" timestamp(6) NOT NULL, "updated_at" timestamp(6) NOT NULL)[0m
  [1m[36mActiveRecord::SchemaMigration Create (0.2ms)[0m  [1m[32mINSERT INTO "schema_migrations" ("version") VALUES ($1) RETURNING "version"[0m  [["version", "20211222072155"]]
  [1m[36mTRANSACTION (0.3ms)[0m  [1m[35mCOMMIT[0m
Migrating to CreateCoordinateSongs (20211222072856)
  [1m[36mTRANSACTION (0.3ms)[0m  [1m[35mBEGIN[0m
  [1m[35m (7.3ms)[0m  [1m[35mCREATE TABLE "coordinate_songs" ("id" bigserial primary key, "coordinate_id" bigint NOT NULL, "song_id" bigint NOT NULL, "created_at" timestamp(6) NOT NULL, "updated_at" timestamp(6) NOT NULL, CONSTRAINT "fk_rails_de06aadc39"
FOREIGN KEY ("coordinate_id")
  REFERENCES "coordinates" ("id")
, CONSTRAINT "fk_rails_876bc78cf0"
FOREIGN KEY ("song_id")
  REFERENCES "songs" ("id")
)[0m
  [1m[35m (1.5ms)[0m  [1m[35mCREATE INDEX "index_coordinate_songs_on_coordinate_id" ON "coordinate_songs" ("coordinate_id")[0m
  [1m[35m (0.9ms)[0m  [1m[35mCREATE INDEX "index_coordinate_songs_on_song_id" ON "coordinate_songs" ("song_id")[0m
  [1m[36mActiveRecord::SchemaMigration Create (0.2ms)[0m  [1m[32mINSERT INTO "schema_migrations" ("version") VALUES ($1) RETURNING "version"[0m  [["version", "20211222072856"]]
  [1m[36mTRANSACTION (0.3ms)[0m  [1m[35mCOMMIT[0m
  [1m[36mActiveRecord::InternalMetadata Load (0.4ms)[0m  [1m[34mSELECT "ar_internal_metadata".* FROM "ar_internal_metadata" WHERE "ar_internal_metadata"."key" = $1 LIMIT $2[0m  [["key", "environment"], ["LIMIT", 1]]
  [1m[35m (0.3ms)[0m  [1m[34mSELECT pg_advisory_unlock(3867476213282235750)[0m
  [1m[35m (0.6ms)[0m  [1m[34mSELECT "schema_migrations"."version" FROM "schema_migrations" ORDER BY "schema_migrations"."version" ASC[0m
  [1m[35m (0.5ms)[0m  [1m[34mSELECT "schema_migrations"."version" FROM "schema_migrations" ORDER BY "schema_migrations"."version" ASC[0m
  [1m[35m (0.9ms)[0m  [1m[34mSELECT "schema_migrations"."version" FROM "schema_migrations" ORDER BY "schema_migrations"."version" ASC[0m
  [1m[35m (0.7ms)[0m  [1m[34mSELECT "schema_migrations"."version" FROM "schema_migrations" ORDER BY "schema_migrations"."version" ASC[0m
  [1m[36mTRANSACTION (0.1ms)[0m  [1m[35mBEGIN[0m
  [1m[36mSong Create (1.6ms)[0m  [1m[32mINSERT INTO "songs" ("platform", "url", "created_at", "updated_at") VALUES ($1, $2, $3, $4) RETURNING "id"[0m  [["platform", 0], ["url", "https://www.youtube.com/watch?v=43J3Hdljex4"], ["created_at", "2021-12-22 07:44:12.772066"], ["updated_at", "2021-12-22 07:44:12.772066"]]
  [1m[36mTRANSACTION (0.9ms)[0m  [1m[35mCOMMIT[0m
  [1m[36mTRANSACTION (0.1ms)[0m  [1m[35mBEGIN[0m
  [1m[36mCoordinate Create (6.4ms)[0m  [1m[32mINSERT INTO "coordinates" ("latitude", "longitude", "created_at", "updated_at") VALUES ($1, $2, $3, $4) RETURNING "id"[0m  [["latitude", 35.6602646], ["longitude", 139.4780048], ["created_at", "2021-12-22 07:44:12.781298"], ["updated_at", "2021-12-22 07:44:12.781298"]]
  [1m[36mTRANSACTION (0.3ms)[0m  [1m[35mCOMMIT[0m
  [1m[36mTRANSACTION (0.1ms)[0m  [1m[35mBEGIN[0m
  [1m[36mCoordinateSong Create (1.8ms)[0m  [1m[32mINSERT INTO "coordinate_songs" ("coordinate_id", "song_id", "created_at", "updated_at") VALUES ($1, $2, $3, $4) RETURNING "id"[0m  [["coordinate_id", 1], ["song_id", 1], ["created_at", "2021-12-22 07:44:12.796394"], ["updated_at", "2021-12-22 07:44:12.796394"]]
  [1m[36mTRANSACTION (0.2ms)[0m  [1m[35mCOMMIT[0m
  [1m[36mSong Load (0.6ms)[0m  [1m[34mSELECT "songs".* FROM "songs" ORDER BY "songs"."id" DESC LIMIT $1[0m  [["LIMIT", 1]]
Started GET "/" for ::1 at 2021-12-28 15:51:04 +0900
  [1m[35m (1.5ms)[0m  [1m[34mSELECT "schema_migrations"."version" FROM "schema_migrations" ORDER BY "schema_migrations"."version" ASC[0m
Processing by Rails::WelcomeController#index as HTML
  Rendering /Users/dk/.rbenv/versions/3.0.3/lib/ruby/gems/3.0.0/gems/railties-6.1.4.4/lib/rails/templates/rails/welcome/index.html.erb
  Rendered /Users/dk/.rbenv/versions/3.0.3/lib/ruby/gems/3.0.0/gems/railties-6.1.4.4/lib/rails/templates/rails/welcome/index.html.erb (Duration: 3.8ms | Allocations: 530)
Completed 200 OK in 11ms (Views: 5.7ms | ActiveRecord: 0.0ms | Allocations: 3914)


Started GET "/welcome" for ::1 at 2021-12-28 15:51:11 +0900
  
ActionController::RoutingError (No route matches [GET] "/welcome"):
  
Started GET "/" for ::1 at 2021-12-28 15:51:43 +0900
  [1m[35m (0.9ms)[0m  [1m[34mSELECT "schema_migrations"."version" FROM "schema_migrations" ORDER BY "schema_migrations"."version" ASC[0m
Processing by Rails::WelcomeController#index as HTML
  Rendering /Users/dk/.rbenv/versions/3.0.3/lib/ruby/gems/3.0.0/gems/railties-6.1.4.4/lib/rails/templates/rails/welcome/index.html.erb
  Rendered /Users/dk/.rbenv/versions/3.0.3/lib/ruby/gems/3.0.0/gems/railties-6.1.4.4/lib/rails/templates/rails/welcome/index.html.erb (Duration: 4.1ms | Allocations: 530)
Completed 200 OK in 10ms (Views: 5.9ms | ActiveRecord: 0.0ms | Allocations: 3914)


Started GET "/" for ::1 at 2021-12-28 15:53:52 +0900
  [1m[35m (1.3ms)[0m  [1m[34mSELECT "schema_migrations"."version" FROM "schema_migrations" ORDER BY "schema_migrations"."version" ASC[0m
Processing by WelcomeController#index as HTML
  Rendering layout layouts/application.html.erb
  Rendering welcome/index.html.erb within layouts/application
  Rendered welcome/index.html.erb within layouts/application (Duration: 0.7ms | Allocations: 439)
[Webpacker] Compiling...
[Webpacker] Compilation failed:
yarn run v1.22.17
info Visit https://yarnpkg.com/en/docs/cli/run for documentation about this command.


error Command "webpack" not found.

  Rendered layout layouts/application.html.erb (Duration: 653.1ms | Allocations: 17172)
Completed 500 Internal Server Error in 658ms (ActiveRecord: 0.0ms | Allocations: 20503)


  
ActionView::Template::Error (Webpacker can't find application.js in /Users/dk/Projects/AIIT/2021_4Q/local_song_explorer/public/packs/manifest.json. Possible causes:
1. You want to set webpacker.yml value of compile to true for your environment
   unless you are using the `webpack -w` or the webpack-dev-server.
2. webpack has not yet re-run to reflect updates.
3. You have misconfigured Webpacker's config/webpacker.yml file.
4. Your webpack configuration is not creating a manifest.
Your manifest contains:
{
}
):
     7:     <%= csp_meta_tag %>
     8: 
     9:     <%= stylesheet_link_tag 'application', media: 'all', 'data-turbolinks-track': 'reload' %>
    10:     <%= javascript_pack_tag 'application', 'data-turbolinks-track': 'reload' %>
    11:   </head>
    12: 
    13:   <body>
  
app/views/layouts/application.html.erb:10
Started GET "/" for ::1 at 2021-12-28 15:57:34 +0900
  [1m[35m (1.3ms)[0m  [1m[34mSELECT "schema_migrations"."version" FROM "schema_migrations" ORDER BY "schema_migrations"."version" ASC[0m
Processing by WelcomeController#index as HTML
  Rendering layout layouts/application.html.erb
  Rendering welcome/index.html.erb within layouts/application
  Rendered welcome/index.html.erb within layouts/application (Duration: 0.7ms | Allocations: 439)
[Webpacker] Compiling...
[Webpacker] Compiled all packs in /Users/dk/Projects/AIIT/2021_4Q/local_song_explorer/public/packs
[Webpacker] Hash: 4949f615883aa45838a7
Version: webpack 4.46.0
Time: 602ms
Built at: 12/28/2021 3:57:35 PM
                                     Asset       Size       Chunks                         Chunk Names
    js/application-19ade39cc333985062bf.js    125 KiB  application  [emitted] [immutable]  application
js/application-19ade39cc333985062bf.js.map    139 KiB  application  [emitted] [dev]        application
                             manifest.json  364 bytes               [emitted]              
Entrypoint application = js/application-19ade39cc333985062bf.js js/application-19ade39cc333985062bf.js.map
[./app/javascript/channels sync recursive _channel\.js$] ./app/javascript/channels sync _channel\.js$ 160 bytes {application} [built]
[./app/javascript/channels/index.js] 211 bytes {application} [built]
[./app/javascript/packs/application.js] 492 bytes {application} [built]
[./node_modules/webpack/buildin/module.js] (webpack)/buildin/module.js 552 bytes {application} [built]
    + 3 hidden modules

  Rendered layout layouts/application.html.erb (Duration: 1626.6ms | Allocations: 7927)
Completed 200 OK in 1633ms (Views: 1628.9ms | ActiveRecord: 0.0ms | Allocations: 11312)


